<?xml version="1.0" encoding="UTF-8" standalone="no"?>
<testsuite errors="0" failures="0" name="io.cucumber.core.plugin.JUnitFormatter" skipped="0" tests="2" time="7.84">
    <testcase classname="feature to test login functionality" name="Check login is successful with valid credentials" time="4.272">
        <system-out><![CDATA[Given user is on login page.................................................passed
And user enters test and 12345..............................................passed
When clicks on login button.................................................passed
Then user is navigated to the home page.....................................passed
]]></system-out>
    </testcase>
    <testcase classname="feature to test login functionality" name="Check login is successful with valid credentials 2" time="3.414">
        <system-out><![CDATA[Given user is on login page.................................................passed
And user enters joa and 12345...............................................passed
When clicks on login button.................................................passed
Then user is navigated to the home page.....................................passed
]]></system-out>
    </testcase>
</testsuite>
